<?xml version="1.0" encoding="UTF-8"?>
<!-- Generated by org.testng.reporters.JUnitReportReporter -->
<testsuite skipped="0" hostname="DESKTOP-HHHH2D0" name="leiyuxin.performance.singleton.SingletonTest" tests="1" failures="0" timestamp="06 二月 2018 18:23:30 GMT" time="0.002" errors="0">
  <testcase name="testSingletonGetInstance" time="0.002" classname="leiyuxin.performance.singleton.SingletonTest"/>
</testsuite> <!-- leiyuxin.performance.singleton.SingletonTest -->
