<?xml version="1.0" encoding="UTF-8"?>
<!-- Generated by org.testng.reporters.JUnitReportReporter -->
<testsuite skipped="0" hostname="DESKTOP-HHHH2D0" name="TestNGDemo.NewTest" tests="2" failures="0" timestamp="06 二月 2018 18:23:30 GMT" time="0.002" errors="0">
  <testcase name="f" time="0.000" classname="TestNGDemo.NewTest"/>
  <testcase name="f" time="0.002" classname="TestNGDemo.NewTest"/>
</testsuite> <!-- TestNGDemo.NewTest -->
